<?xml version="1.0" encoding="UTF-8"?>
<testng-results ignored="0" total="4" passed="3" failed="1" skipped="0">
  <reporter-output>
  </reporter-output>
  <suite started-at="2021-02-11T14:07:39 TRT" name="Command line suite" finished-at="2021-02-11T14:09:38 TRT" duration-ms="119668">
    <groups>
    </groups>
    <test started-at="2021-02-11T14:07:39 TRT" name="Command line test" finished-at="2021-02-11T14:09:38 TRT" duration-ms="119668">
      <class name="com.vytrack.tests.Test1">
        <test-method is-config="true" signature="driverSetUp()[pri:0, instance:com.vytrack.tests.Test1@fcd6521]" started-at="2021-02-11T14:07:39 TRT" name="driverSetUp" finished-at="2021-02-11T14:07:46 TRT" duration-ms="7010" status="PASS">
          <reporter-output>
          </reporter-output>
        </test-method> <!-- driverSetUp -->
        <test-method signature="test1()[pri:0, instance:com.vytrack.tests.Test1@fcd6521]" started-at="2021-02-11T14:07:46 TRT" name="test1" finished-at="2021-02-11T14:08:03 TRT" duration-ms="17405" status="PASS">
          <reporter-output>
          </reporter-output>
        </test-method> <!-- test1 -->
        <test-method is-config="true" signature="driverClose()[pri:0, instance:com.vytrack.tests.Test1@fcd6521]" started-at="2021-02-11T14:08:03 TRT" name="driverClose" finished-at="2021-02-11T14:08:06 TRT" duration-ms="2940" status="PASS">
          <reporter-output>
          </reporter-output>
        </test-method> <!-- driverClose -->
      </class> <!-- com.vytrack.tests.Test1 -->
      <class name="com.vytrack.tests.Test2">
        <test-method is-config="true" signature="driverSetUp()[pri:0, instance:com.vytrack.tests.Test2@27d415d9]" started-at="2021-02-11T14:08:06 TRT" name="driverSetUp" finished-at="2021-02-11T14:08:12 TRT" duration-ms="6055" status="PASS">
          <reporter-output>
          </reporter-output>
        </test-method> <!-- driverSetUp -->
        <test-method signature="test2()[pri:0, instance:com.vytrack.tests.Test2@27d415d9]" started-at="2021-02-11T14:08:12 TRT" name="test2" finished-at="2021-02-11T14:08:35 TRT" duration-ms="23284" status="PASS">
          <reporter-output>
          </reporter-output>
        </test-method> <!-- test2 -->
        <test-method is-config="true" signature="driverClose()[pri:0, instance:com.vytrack.tests.Test2@27d415d9]" started-at="2021-02-11T14:08:35 TRT" name="driverClose" finished-at="2021-02-11T14:08:38 TRT" duration-ms="2962" status="PASS">
          <reporter-output>
          </reporter-output>
        </test-method> <!-- driverClose -->
      </class> <!-- com.vytrack.tests.Test2 -->
      <class name="com.vytrack.tests.Test3">
        <test-method is-config="true" signature="driverSetUp()[pri:0, instance:com.vytrack.tests.Test3@5c18298f]" started-at="2021-02-11T14:08:38 TRT" name="driverSetUp" finished-at="2021-02-11T14:08:42 TRT" duration-ms="4186" status="PASS">
          <reporter-output>
          </reporter-output>
        </test-method> <!-- driverSetUp -->
        <test-method signature="test3()[pri:0, instance:com.vytrack.tests.Test3@5c18298f]" started-at="2021-02-11T14:08:42 TRT" name="test3" finished-at="2021-02-11T14:09:05 TRT" duration-ms="22852" status="FAIL">
          <exception class="org.openqa.selenium.NoSuchElementException">
            <message>
              <![CDATA[no such element: Unable to locate element: {"method":"css selector","selector":"#grid-calendar-event-grid-749682296 > div.oro-datagrid > div:nth-child(1) > div > div.pull-right.grid-toolbar-tools > div.page-size.pull-right.form-horizontal > div > div > button"}
  (Session info: chrome=88.0.4324.150)
For documentation on this error, please visit: https://www.seleniumhq.org/exceptions/no_such_element.html
Build info: version: '3.141.59', revision: 'e82be7d358', time: '2018-11-14T08:17:03'
System info: host: 'DESKTOP-II2K3KE', ip: '10.11.32.224', os.name: 'Windows 10', os.arch: 'amd64', os.version: '10.0', java.version: '15.0.1'
Driver info: org.openqa.selenium.chrome.ChromeDriver
Capabilities {acceptInsecureCerts: false, browserName: chrome, browserVersion: 88.0.4324.150, chrome: {chromedriverVersion: 88.0.4324.96 (68dba2d8a0b14..., userDataDir: C:\Users\zulpi\AppData\Loca...}, goog:chromeOptions: {debuggerAddress: localhost:50269}, javascriptEnabled: true, networkConnectionEnabled: false, pageLoadStrategy: normal, platform: WINDOWS, platformName: WINDOWS, proxy: Proxy(), setWindowRect: true, strictFileInteractability: false, timeouts: {implicit: 0, pageLoad: 300000, script: 30000}, unhandledPromptBehavior: dismiss and notify, webauthn:extension:largeBlob: true, webauthn:virtualAuthenticators: true}
Session ID: 07131a98e50b55af3dadfcbe10e4936d
*** Element info: {Using=css selector, value=#grid-calendar-event-grid-749682296 > div.oro-datagrid > div:nth-child(1) > div > div.pull-right.grid-toolbar-tools > div.page-size.pull-right.form-horizontal > div > div > button}]]>
            </message>
            <full-stacktrace>
              <![CDATA[org.openqa.selenium.NoSuchElementException: no such element: Unable to locate element: {"method":"css selector","selector":"#grid-calendar-event-grid-749682296 > div.oro-datagrid > div:nth-child(1) > div > div.pull-right.grid-toolbar-tools > div.page-size.pull-right.form-horizontal > div > div > button"}
  (Session info: chrome=88.0.4324.150)
For documentation on this error, please visit: https://www.seleniumhq.org/exceptions/no_such_element.html
Build info: version: '3.141.59', revision: 'e82be7d358', time: '2018-11-14T08:17:03'
System info: host: 'DESKTOP-II2K3KE', ip: '10.11.32.224', os.name: 'Windows 10', os.arch: 'amd64', os.version: '10.0', java.version: '15.0.1'
Driver info: org.openqa.selenium.chrome.ChromeDriver
Capabilities {acceptInsecureCerts: false, browserName: chrome, browserVersion: 88.0.4324.150, chrome: {chromedriverVersion: 88.0.4324.96 (68dba2d8a0b14..., userDataDir: C:\Users\zulpi\AppData\Loca...}, goog:chromeOptions: {debuggerAddress: localhost:50269}, javascriptEnabled: true, networkConnectionEnabled: false, pageLoadStrategy: normal, platform: WINDOWS, platformName: WINDOWS, proxy: Proxy(), setWindowRect: true, strictFileInteractability: false, timeouts: {implicit: 0, pageLoad: 300000, script: 30000}, unhandledPromptBehavior: dismiss and notify, webauthn:extension:largeBlob: true, webauthn:virtualAuthenticators: true}
Session ID: 07131a98e50b55af3dadfcbe10e4936d
*** Element info: {Using=css selector, value=#grid-calendar-event-grid-749682296 > div.oro-datagrid > div:nth-child(1) > div > div.pull-right.grid-toolbar-tools > div.page-size.pull-right.form-horizontal > div > div > button}
at java.base/jdk.internal.reflect.NativeConstructorAccessorImpl.newInstance0(Native Method)
at java.base/jdk.internal.reflect.NativeConstructorAccessorImpl.newInstance(NativeConstructorAccessorImpl.java:64)
at java.base/jdk.internal.reflect.DelegatingConstructorAccessorImpl.newInstance(DelegatingConstructorAccessorImpl.java:45)
at java.base/java.lang.reflect.Constructor.newInstanceWithCaller(Constructor.java:500)
at java.base/java.lang.reflect.Constructor.newInstance(Constructor.java:481)
at org.openqa.selenium.remote.http.W3CHttpResponseCodec.createException(W3CHttpResponseCodec.java:187)
at org.openqa.selenium.remote.http.W3CHttpResponseCodec.decode(W3CHttpResponseCodec.java:122)
at org.openqa.selenium.remote.http.W3CHttpResponseCodec.decode(W3CHttpResponseCodec.java:49)
at org.openqa.selenium.remote.HttpCommandExecutor.execute(HttpCommandExecutor.java:158)
at org.openqa.selenium.remote.service.DriverCommandExecutor.execute(DriverCommandExecutor.java:83)
at org.openqa.selenium.remote.RemoteWebDriver.execute(RemoteWebDriver.java:552)
at org.openqa.selenium.remote.RemoteWebDriver.findElement(RemoteWebDriver.java:323)
at org.openqa.selenium.remote.RemoteWebDriver.findElementByCssSelector(RemoteWebDriver.java:420)
at org.openqa.selenium.By$ByCssSelector.findElement(By.java:431)
at org.openqa.selenium.remote.RemoteWebDriver.findElement(RemoteWebDriver.java:315)
at com.vytrack.tests.Test3.test3(Test3.java:24)
at java.base/jdk.internal.reflect.NativeMethodAccessorImpl.invoke0(Native Method)
at java.base/jdk.internal.reflect.NativeMethodAccessorImpl.invoke(NativeMethodAccessorImpl.java:64)
at java.base/jdk.internal.reflect.DelegatingMethodAccessorImpl.invoke(DelegatingMethodAccessorImpl.java:43)
at java.base/java.lang.reflect.Method.invoke(Method.java:564)
at org.testng.internal.MethodInvocationHelper.invokeMethod(MethodInvocationHelper.java:134)
at org.testng.internal.TestInvoker.invokeMethod(TestInvoker.java:597)
at org.testng.internal.TestInvoker.invokeTestMethod(TestInvoker.java:173)
at org.testng.internal.MethodRunner.runInSequence(MethodRunner.java:46)
at org.testng.internal.TestInvoker$MethodInvocationAgent.invoke(TestInvoker.java:816)
at org.testng.internal.TestInvoker.invokeTestMethods(TestInvoker.java:146)
at org.testng.internal.TestMethodWorker.invokeTestMethods(TestMethodWorker.java:146)
at org.testng.internal.TestMethodWorker.run(TestMethodWorker.java:128)
at java.base/java.util.ArrayList.forEach(ArrayList.java:1511)
at org.testng.TestRunner.privateRun(TestRunner.java:766)
at org.testng.TestRunner.run(TestRunner.java:587)
at org.testng.SuiteRunner.runTest(SuiteRunner.java:384)
at org.testng.SuiteRunner.runSequentially(SuiteRunner.java:378)
at org.testng.SuiteRunner.privateRun(SuiteRunner.java:337)
at org.testng.SuiteRunner.run(SuiteRunner.java:286)
at org.testng.SuiteRunnerWorker.runSuite(SuiteRunnerWorker.java:53)
at org.testng.SuiteRunnerWorker.run(SuiteRunnerWorker.java:96)
at org.testng.TestNG.runSuitesSequentially(TestNG.java:1187)
at org.testng.TestNG.runSuitesLocally(TestNG.java:1109)
at org.testng.TestNG.runSuites(TestNG.java:1039)
at org.testng.TestNG.run(TestNG.java:1007)
at org.apache.maven.surefire.testng.TestNGExecutor.run(TestNGExecutor.java:77)
at org.apache.maven.surefire.testng.TestNGDirectoryTestSuite.executeMulti(TestNGDirectoryTestSuite.java:159)
at org.apache.maven.surefire.testng.TestNGDirectoryTestSuite.execute(TestNGDirectoryTestSuite.java:99)
at org.apache.maven.surefire.testng.TestNGProvider.invoke(TestNGProvider.java:106)
at java.base/jdk.internal.reflect.NativeMethodAccessorImpl.invoke0(Native Method)
at java.base/jdk.internal.reflect.NativeMethodAccessorImpl.invoke(NativeMethodAccessorImpl.java:64)
at java.base/jdk.internal.reflect.DelegatingMethodAccessorImpl.invoke(DelegatingMethodAccessorImpl.java:43)
at java.base/java.lang.reflect.Method.invoke(Method.java:564)
at org.apache.maven.surefire.util.ReflectionUtils.invokeMethodWithArray(ReflectionUtils.java:189)
at org.apache.maven.surefire.booter.ProviderFactory$ProviderProxy.invoke(ProviderFactory.java:165)
at org.apache.maven.surefire.booter.ProviderFactory.invokeProvider(ProviderFactory.java:85)
at org.apache.maven.surefire.booter.ForkedBooter.runSuitesInProcess(ForkedBooter.java:115)
at org.apache.maven.surefire.booter.ForkedBooter.main(ForkedBooter.java:75)
]]>
            </full-stacktrace>
          </exception> <!-- org.openqa.selenium.NoSuchElementException -->
          <reporter-output>
          </reporter-output>
        </test-method> <!-- test3 -->
        <test-method is-config="true" signature="driverClose()[pri:0, instance:com.vytrack.tests.Test3@5c18298f]" started-at="2021-02-11T14:09:05 TRT" name="driverClose" finished-at="2021-02-11T14:09:08 TRT" duration-ms="2866" status="PASS">
          <reporter-output>
          </reporter-output>
        </test-method> <!-- driverClose -->
      </class> <!-- com.vytrack.tests.Test3 -->
      <class name="com.vytrack.tests.Test4">
        <test-method is-config="true" signature="driverSetUp()[pri:0, instance:com.vytrack.tests.Test4@31f924f5]" started-at="2021-02-11T14:09:08 TRT" name="driverSetUp" finished-at="2021-02-11T14:09:12 TRT" duration-ms="3976" status="PASS">
          <reporter-output>
          </reporter-output>
        </test-method> <!-- driverSetUp -->
        <test-method signature="test4()[pri:0, instance:com.vytrack.tests.Test4@31f924f5]" started-at="2021-02-11T14:09:12 TRT" name="test4" finished-at="2021-02-11T14:09:35 TRT" duration-ms="23125" status="PASS">
          <reporter-output>
          </reporter-output>
        </test-method> <!-- test4 -->
        <test-method is-config="true" signature="driverClose()[pri:0, instance:com.vytrack.tests.Test4@31f924f5]" started-at="2021-02-11T14:09:35 TRT" name="driverClose" finished-at="2021-02-11T14:09:38 TRT" duration-ms="2946" status="PASS">
          <reporter-output>
          </reporter-output>
        </test-method> <!-- driverClose -->
      </class> <!-- com.vytrack.tests.Test4 -->
    </test> <!-- Command line test -->
  </suite> <!-- Command line suite -->
</testng-results>
